<?xml version="1.0" encoding="UTF-8" ?>
<testsuite tests="3" failures="1" name="com.tecsup.gestion.controller.EmployeeControllerIntegrationTest" time="0.705" errors="0" skipped="0">
  <properties>
[...]
</properties>
  <testcase classname="com.tecsup.gestion.controller.EmployeeControllerIntegrationTest" name="list" time="0.55">
    <failure message="Model attribute &apos;employees&apos;
Expected: a collection with size &lt;43&gt;
     but: collection size was &lt;5&gt;" type="java.lang.AssertionError">java.lang.AssertionError: Model attribute &apos;employees&apos;
Expected: a collection with size &lt;43&gt;
     but: collection size was &lt;5&gt;
	at org.hamcrest.MatcherAssert.assertThat(MatcherAssert.java:20)
	at org.springframework.test.web.servlet.result.ModelResultMatchers.lambda$attribute$0(ModelResultMatchers.java:58)
	at org.springframework.test.web.servlet.MockMvc$1.andExpect(MockMvc.java:164)
	at com.tecsup.gestion.controller.EmployeeControllerIntegrationTest.list(EmployeeControllerIntegrationTest.java:53)
	at sun.reflect.NativeMethodAccessorImpl.invoke0(Native Method)
	at sun.reflect.NativeMethodAccessorImpl.invoke(Unknown Source)
	at sun.reflect.DelegatingMethodAccessorImpl.invoke(Unknown Source)
	at java.lang.reflect.Method.invoke(Unknown Source)
	at org.junit.runners.model.FrameworkMethod$1.runReflectiveCall(FrameworkMethod.java:50)
	at org.junit.internal.runners.model.ReflectiveCallable.run(ReflectiveCallable.java:12)
	at org.junit.runners.model.FrameworkMethod.invokeExplosively(FrameworkMethod.java:47)
	at org.junit.internal.runners.statements.InvokeMethod.evaluate(InvokeMethod.java:17)
	at org.springframework.test.context.junit4.statements.RunBeforeTestExecutionCallbacks.evaluate(RunBeforeTestExecutionCallbacks.java:73)
	at org.springframework.test.context.junit4.statements.RunAfterTestExecutionCallbacks.evaluate(RunAfterTestExecutionCallbacks.java:83)
	at org.junit.internal.runners.statements.RunBefores.evaluate(RunBefores.java:26)
	at org.springframework.test.context.junit4.statements.RunBeforeTestMethodCallbacks.evaluate(RunBeforeTestMethodCallbacks.java:75)
	at org.springframework.test.context.junit4.statements.RunAfterTestMethodCallbacks.evaluate(RunAfterTestMethodCallbacks.java:86)
	at org.springframework.test.context.junit4.statements.SpringRepeat.evaluate(SpringRepeat.java:84)
	at org.junit.runners.ParentRunner.runLeaf(ParentRunner.java:325)
	at org.springframework.test.context.junit4.SpringJUnit4ClassRunner.runChild(SpringJUnit4ClassRunner.java:251)
	at org.springframework.test.context.junit4.SpringJUnit4ClassRunner.runChild(SpringJUnit4ClassRunner.java:97)
	at org.junit.runners.ParentRunner$3.run(ParentRunner.java:290)
	at org.junit.runners.ParentRunner$1.schedule(ParentRunner.java:71)
	at org.junit.runners.ParentRunner.runChildren(ParentRunner.java:288)
	at org.junit.runners.ParentRunner.access$000(ParentRunner.java:58)
	at org.junit.runners.ParentRunner$2.evaluate(ParentRunner.java:268)
	at org.springframework.test.context.junit4.statements.RunBeforeTestClassCallbacks.evaluate(RunBeforeTestClassCallbacks.java:61)
	at org.springframework.test.context.junit4.statements.RunAfterTestClassCallbacks.evaluate(RunAfterTestClassCallbacks.java:70)
	at org.junit.runners.ParentRunner.run(ParentRunner.java:363)
	at org.springframework.test.context.junit4.SpringJUnit4ClassRunner.run(SpringJUnit4ClassRunner.java:190)
	at org.apache.maven.surefire.junit4.JUnit4Provider.execute(JUnit4Provider.java:252)
	at org.apache.maven.surefire.junit4.JUnit4Provider.executeTestSet(JUnit4Provider.java:141)
	at org.apache.maven.surefire.junit4.JUnit4Provider.invoke(JUnit4Provider.java:112)
	at sun.reflect.NativeMethodAccessorImpl.invoke0(Native Method)
	at sun.reflect.NativeMethodAccessorImpl.invoke(Unknown Source)
	at sun.reflect.DelegatingMethodAccessorImpl.invoke(Unknown Source)
	at java.lang.reflect.Method.invoke(Unknown Source)
	at org.apache.maven.surefire.util.ReflectionUtils.invokeMethodWithArray(ReflectionUtils.java:189)
	at org.apache.maven.surefire.booter.ProviderFactory$ProviderProxy.invoke(ProviderFactory.java:165)
	at org.apache.maven.surefire.booter.ProviderFactory.invokeProvider(ProviderFactory.java:85)
	at org.apache.maven.surefire.booter.ForkedBooter.runSuitesInProcess(ForkedBooter.java:115)
	at org.apache.maven.surefire.booter.ForkedBooter.main(ForkedBooter.java:75)
</failure>
    <system-out>INFO : org.springframework.test.context.web.WebTestContextBootstrapper --&gt; getDefaultTestExecutionListenerClassNames() : - Loaded default TestExecutionListener class names from location [META-INF/spring.factories]: [org.springframework.test.context.web.ServletTestExecutionListener, org.springframework.test.context.support.DirtiesContextBeforeModesTestExecutionListener, org.springframework.test.context.support.DependencyInjectionTestExecutionListener, org.springframework.test.context.support.DirtiesContextTestExecutionListener, org.springframework.test.context.transaction.TransactionalTestExecutionListener, org.springframework.test.context.jdbc.SqlScriptsTestExecutionListener]
INFO : org.springframework.test.context.web.WebTestContextBootstrapper --&gt; getTestExecutionListeners() : - Using TestExecutionListeners: [org.springframework.test.context.web.ServletTestExecutionListener@76707e36, org.springframework.test.context.support.DirtiesContextBeforeModesTestExecutionListener@614ddd49, org.springframework.test.context.support.DependencyInjectionTestExecutionListener@1f554b06, org.springframework.test.context.support.DirtiesContextTestExecutionListener@694e1548, org.springframework.test.context.transaction.TransactionalTestExecutionListener@1c3a4799, org.springframework.test.context.jdbc.SqlScriptsTestExecutionListener@131276c2]
INFO : org.springframework.beans.factory.xml.XmlBeanDefinitionReader --&gt; loadBeanDefinitions() : - Loading XML bean definitions from URL [file:src/main/webapp/WEB-INF/spring/appServlet/servlet-context.xml]
INFO : org.springframework.web.context.support.GenericWebApplicationContext --&gt; prepareRefresh() : - Refreshing org.springframework.web.context.support.GenericWebApplicationContext@fad74ee: startup date [Wed Nov 08 10:43:48 COT 2017]; root of context hierarchy
INFO : org.springframework.beans.factory.annotation.AutowiredAnnotationBeanPostProcessor --&gt; &lt;init&gt;() : - JSR-330 &apos;javax.inject.Inject&apos; annotation found and supported for autowiring
INFO : org.springframework.web.servlet.mvc.method.annotation.RequestMappingHandlerMapping --&gt; register() : - Mapped &quot;{[/admin/emp/{action}/{employee_id}],methods=[GET]}&quot; onto public org.springframework.web.servlet.ModelAndView com.tecsup.gestion.controller.EmployeeController.form(java.lang.String,int,org.springframework.ui.ModelMap)
INFO : org.springframework.web.servlet.mvc.method.annotation.RequestMappingHandlerMapping --&gt; register() : - Mapped &quot;{[/admin/emp/delete],methods=[POST]}&quot; onto public org.springframework.web.servlet.ModelAndView com.tecsup.gestion.controller.EmployeeController.delete(com.tecsup.gestion.model.Employee,org.springframework.ui.ModelMap)
INFO : org.springframework.web.servlet.mvc.method.annotation.RequestMappingHandlerMapping --&gt; register() : - Mapped &quot;{[/admin/emp/create],methods=[POST]}&quot; onto public org.springframework.web.servlet.ModelAndView com.tecsup.gestion.controller.EmployeeController.create(com.tecsup.gestion.model.Employee,org.springframework.ui.ModelMap)
INFO : org.springframework.web.servlet.mvc.method.annotation.RequestMappingHandlerMapping --&gt; register() : - Mapped &quot;{[/admin/emp/list],methods=[GET]}&quot; onto public java.lang.String com.tecsup.gestion.controller.EmployeeController.list(com.tecsup.gestion.model.Employee,org.springframework.ui.ModelMap)
INFO : org.springframework.web.servlet.mvc.method.annotation.RequestMappingHandlerMapping --&gt; register() : - Mapped &quot;{[/admin/menu],methods=[GET]}&quot; onto public java.lang.String com.tecsup.gestion.controller.EmployeeController.menu()
INFO : org.springframework.web.servlet.mvc.method.annotation.RequestMappingHandlerMapping --&gt; register() : - Mapped &quot;{[/admin/emp/createform],methods=[GET]}&quot; onto public org.springframework.web.servlet.ModelAndView com.tecsup.gestion.controller.EmployeeController.createform()
INFO : org.springframework.web.servlet.mvc.method.annotation.RequestMappingHandlerMapping --&gt; register() : - Mapped &quot;{[/{employee_id}],methods=[GET]}&quot; onto public org.springframework.web.servlet.ModelAndView com.tecsup.gestion.controller.EmployeeController.home(int,org.springframework.ui.ModelMap)
INFO : org.springframework.web.servlet.mvc.method.annotation.RequestMappingHandlerMapping --&gt; register() : - Mapped &quot;{[/admin/emp/editsave],methods=[POST]}&quot; onto public org.springframework.web.servlet.ModelAndView com.tecsup.gestion.controller.EmployeeController.editsave(com.tecsup.gestion.model.Employee,org.springframework.ui.ModelMap)
INFO : org.springframework.web.servlet.mvc.method.annotation.RequestMappingHandlerMapping --&gt; register() : - Mapped &quot;{[/login],methods=[POST]}&quot; onto public org.springframework.web.servlet.ModelAndView com.tecsup.gestion.controller.LoginController.login(com.tecsup.gestion.model.Employee,org.springframework.ui.ModelMap)
INFO : org.springframework.web.servlet.mvc.method.annotation.RequestMappingHandlerMapping --&gt; register() : - Mapped &quot;{[/login],methods=[GET]}&quot; onto public org.springframework.web.servlet.ModelAndView com.tecsup.gestion.controller.LoginController.preLogin()
INFO : org.springframework.web.servlet.mvc.method.annotation.RequestMappingHandlerAdapter --&gt; initControllerAdviceCache() : - Looking for @ControllerAdvice: org.springframework.web.context.support.GenericWebApplicationContext@fad74ee: startup date [Wed Nov 08 10:43:48 COT 2017]; root of context hierarchy
INFO : org.springframework.web.servlet.mvc.method.annotation.RequestMappingHandlerAdapter --&gt; initControllerAdviceCache() : - Looking for @ControllerAdvice: org.springframework.web.context.support.GenericWebApplicationContext@fad74ee: startup date [Wed Nov 08 10:43:48 COT 2017]; root of context hierarchy
INFO : org.springframework.web.servlet.handler.SimpleUrlHandlerMapping --&gt; registerHandler() : - Mapped URL path [/resources/**] onto handler &apos;org.springframework.web.servlet.resource.ResourceHttpRequestHandler#0&apos;
INFO : org.springframework.jdbc.datasource.DriverManagerDataSource --&gt; setDriverClassName() : - Loaded JDBC driver: com.mysql.jdbc.Driver
INFO : org.springframework.mock.web.MockServletContext --&gt; log() : - Initializing Spring FrameworkServlet &apos;&apos;
INFO : org.springframework.test.web.servlet.TestDispatcherServlet --&gt; initServletBean() : - FrameworkServlet &apos;&apos;: initialization started
INFO : org.springframework.test.web.servlet.TestDispatcherServlet --&gt; initServletBean() : - FrameworkServlet &apos;&apos;: initialization completed in 20 ms
</system-out>
  </testcase>
  <testcase classname="com.tecsup.gestion.controller.EmployeeControllerIntegrationTest" name="givenWac_whenServletContext_thenItProvidesGreetController" time="0.01"/>
  <testcase classname="com.tecsup.gestion.controller.EmployeeControllerIntegrationTest" name="editForm" time="0.145"/>
</testsuite>